<?xml version="1.0" encoding="UTF-8"?>
<!-- Generated by org.testng.reporters.JUnitReportReporter -->
<testsuite hostname="DESKTOP-HPEE834" failures="0" tests="2" name="com.exeevo.scripts.TMobileTest" time="15.611" errors="0" timestamp="2024-06-27T14:27:47 IST" skipped="0">
  <testcase classname="com.exeevo.scripts.TMobileTest" name="TCID_101_verifyTabletFilterFunctionality" time="9.558"/>
  <system-out/>
  <testcase classname="com.exeevo.scripts.TMobileTest" name="TCID_101_verifyTabletFilterFunctionality" time="6.053"/>
  <system-out/>
</testsuite> <!-- com.exeevo.scripts.TMobileTest -->
