<?xml version="1.0" encoding="UTF-8"?>
<!-- Generated by org.testng.reporters.JUnitReportReporter -->
<testsuite hostname="DESKTOP-HPEE834" failures="0" tests="1" name="com.exeevo.scripts.PriceCheckTest" time="26.458" errors="0" timestamp="2024-06-25T17:49:56 IST" skipped="0">
  <testcase classname="com.exeevo.scripts.PriceCheckTest" name="TCID_101_verifyTabletFilterFunctionality" time="26.458"/>
  <system-out/>
</testsuite> <!-- com.exeevo.scripts.PriceCheckTest -->
